<?xml version="1.0" encoding="UTF-8"?>
<testsuite xmlns:xsi="http://www.w3.org/2001/XMLSchema-instance" xsi:noNamespaceSchemaLocation="https://maven.apache.org/surefire/maven-surefire-plugin/xsd/surefire-test-report.xsd" name="Java_Campus_Project.Java_Warriors.AppTest" time="0.147" tests="3" errors="0" skipped="0" failures="0">
  <properties>
[...]
</properties>
  <testcase name="shouldAnswerWithTrue" classname="Java_Campus_Project.Java_Warriors.AppTest" time="0.001"/>
  <testcase name="shouldSetWarriorLifeTo10" classname="Java_Campus_Project.Java_Warriors.AppTest" time="0.001"/>
  <testcase name="testDeserial" classname="Java_Campus_Project.Java_Warriors.AppTest" time="0.132"/>
</testsuite>